     1                                  bits 32 ; assembling for the 32 bits architecture
     2                                  
     3                                  ; declare the EntryPoint (a label defining the very first instruction of the program)
     4                                  global start        
     5                                  
     6                                  ; declare external functions needed by our program
     7                                  extern exit               ; tell nasm that exit exists even if we won't be defining it
     8                                  import exit msvcrt.dll    ; exit is a function that ends the calling process. It is defined in msvcrt.dll
     9                                                            ; msvcrt.dll contains exit, printf and all the other important C-runtime specific functions
    10                                  extern printf
    11                                  import printf msvcrt.dll
    12                                  
    13                                  ; our data is declared here (the variables needed by our program)
    14                                  segment data use32 class=data
    15                                      ; ...
    16 00000000 256400                      format db "%d", 0
    17                                  
    18                                  ; our code starts here
    19                                  segment code use32 class=code
    20                                      start:
    21                                          ; ...
    22 00000000 B898D20200                      mov eax, 184984
    23 00000005 50                              push eax
    24 00000006 68[00000000]                    push format
    25 0000000B FF15[00000000]                  call [printf]
    26 00000011 83C408                          add esp, 4*2
    27                                          ; exit(0)
    28 00000014 6A00                            push    dword 0      ; push the parameter for exit onto the stack
    29 00000016 FF15[00000000]                  call    [exit]       ; call exit to terminate the program
