3 - 6
0 - None
3 - 3
0 - None
4 - 32
0 - None
0 - None
2 - 26
4 - 37
1 - 0
4 - 32
1 - 1
4 - 32
1 - 2
4 - 32
1 - 3
4 - 38
0 - None
2 - 26
0 - None
4 - 39
3 - 13
4 - 33
4 - 34
3 - 10
0 - None
3 - 11
3 - 12
4 - 33
0 - None
4 - 34
4 - 40
3 - 10
0 - None
3 - 11
3 - 12
4 - 33
1 - 4
4 - 32
0 - None
2 - 21
0 - None
2 - 21
4 - 34
4 - 40
3 - 7
0 - None
4 - 37
0 - None
4 - 38
2 - 24
0 - None
4 - 37
0 - None
2 - 20
4 - 38
4 - 40
0 - None
4 - 37
0 - None
4 - 38
4 - 32
0 - None
4 - 37
0 - None
2 - 20
4 - 38
2 - 26
0 - None
4 - 37
0 - None
2 - 20
4 - 38
4 - 32
0 - None
4 - 37
0 - None
4 - 38
3 - 15
4 - 33
0 - None
4 - 34
