     1                                  bits 32 ; assembling for the 32 bits architecture
     2                                  
     3                                  ; declare the EntryPoint (a label defining the very first instruction of the program)
     4                                  global start        
     5                                  
     6                                  ; declare external functions needed by our program
     7                                  extern exit               ; tell nasm that exit exists even if we won't be defining it
     8                                  import exit msvcrt.dll    ; exit is a function that ends the calling process. It is defined in msvcrt.dll
     9                                                            ; msvcrt.dll contains exit, printf and all the other important C-runtime specific functions
    10                                  
    11                                  ;a*d*e/(f-5)=5*4*3/2=60/2=30
    12                                                            
    13                                  ; our data is declared here (the variables needed by our program)
    14                                  segment data use32 class=data
    15                                      ; ...
    16 00000000 05                          a db 5
    17 00000001 04                          d db 4
    18 00000002 0300                        e dw 3
    19 00000004 0700                        f dw 7
    20                                      
    21                                  
    22                                  ; our code starts here
    23                                  segment code use32 class=code
    24                                      start:
    25                                          ; ...
    26 00000000 8A1D[00000000]                  mov bl, [a]
    27 00000006 A0[01000000]                    mov al, [d]
    28 0000000B F6E3                            mul bl
    29 0000000D 668B0D[02000000]                mov cx, [e]
    30 00000014 66F7E1                          mul cx
    31 00000017 668B1D[04000000]                mov bx, [f]
    32 0000001E 6683EB05                        sub bx, 5
    33 00000022 66F7F3                          div bx
    34                                          ; exit(0)
    35 00000025 6A00                            push    dword 0      ; push the parameter for exit onto the stack
    36 00000027 FF15[00000000]                  call    [exit]       ; call exit to terminate the program
